<?xml version="1.0" encoding="UTF-8"?>
<testsuite name="contract.transferables.CustomerTransferableTest" tests="2" skipped="0" failures="0" errors="0" timestamp="2020-03-30T20:15:53" hostname="jonas" time="0.001">
  <properties/>
  <testcase name="getAndSetName" classname="contract.transferables.CustomerTransferableTest" time="0.001"/>
  <testcase name="getAndSetCpr" classname="contract.transferables.CustomerTransferableTest" time="0.0"/>
  <system-out><![CDATA[]]></system-out>
  <system-err><![CDATA[]]></system-err>
</testsuite>
