<?xml version="1.0" encoding="UTF-8"?>
<testsuite name="contract.contract.ContractTest" tests="1" skipped="0" failures="0" errors="0" timestamp="2020-04-17T10:23:05" hostname="jonas" time="0.332">
  <properties/>
  <testcase name="testToJSON" classname="contract.contract.ContractTest" time="0.332"/>
  <system-out><![CDATA[yolo
]]></system-out>
  <system-err><![CDATA[]]></system-err>
</testsuite>
